<?xml version="1.0" encoding="UTF-8"?>
<testng-results skipped="0" failed="0" total="1" passed="1">
  <reporter-output>
  </reporter-output>
  <suite name="Suite" duration-ms="99886" started-at="2021-01-11T05:51:46Z" finished-at="2021-01-11T05:53:26Z">
    <groups>
      <group name="cucumber">
        <method signature="AbstractTestNGCucumberTests.feature(cucumber.api.testng.CucumberFeatureWrapper)[pri:0, instance:com.demoBlaze.executor.CukeExecutor@6ddf90b0]" name="feature" class="cucumber.api.testng.AbstractTestNGCucumberTests"/>
      </group> <!-- cucumber -->
    </groups>
    <test name="Test" duration-ms="99886" started-at="2021-01-11T05:51:46Z" finished-at="2021-01-11T05:53:26Z">
      <class name="com.demoBlaze.executor.CukeExecutor">
        <test-method status="PASS" signature="initDriver()[pri:0, instance:com.demoBlaze.executor.CukeExecutor@6ddf90b0]" name="initDriver" is-config="true" duration-ms="4536" started-at="2021-01-11T11:21:42Z" finished-at="2021-01-11T11:21:46Z">
          <reporter-output>
          </reporter-output>
        </test-method> <!-- initDriver -->
        <test-method status="PASS" signature="initDriver()[pri:0, instance:com.demoBlaze.executor.CukeExecutor@6ddf90b0]" name="initDriver" is-config="true" duration-ms="36" started-at="2021-01-11T11:21:46Z" finished-at="2021-01-11T11:21:46Z">
          <reporter-output>
          </reporter-output>
        </test-method> <!-- initDriver -->
        <test-method status="PASS" signature="setUpClass()[pri:0, instance:com.demoBlaze.executor.CukeExecutor@6ddf90b0]" name="setUpClass" is-config="true" duration-ms="451" started-at="2021-01-11T11:21:46Z" finished-at="2021-01-11T11:21:47Z">
          <reporter-output>
          </reporter-output>
        </test-method> <!-- setUpClass -->
        <test-method status="PASS" signature="setup()[pri:0, instance:com.demoBlaze.executor.CukeExecutor@6ddf90b0]" name="setup" is-config="true" duration-ms="99" started-at="2021-01-11T11:21:47Z" finished-at="2021-01-11T11:21:47Z">
          <reporter-output>
          </reporter-output>
        </test-method> <!-- setup -->
        <test-method status="PASS" signature="feature(cucumber.api.testng.CucumberFeatureWrapper)[pri:0, instance:com.demoBlaze.executor.CukeExecutor@6ddf90b0]" name="feature" duration-ms="98713" started-at="2021-01-11T11:21:47Z" description="Runs Cucumber Feature" data-provider="features" finished-at="2021-01-11T11:23:26Z">
          <params>
            <param index="0">
              <value>
                <![CDATA[Request]]>
              </value>
            </param>
          </params>
          <reporter-output>
          </reporter-output>
        </test-method> <!-- feature -->
        <test-method status="PASS" signature="writeExtentReport()[pri:0, instance:com.demoBlaze.executor.CukeExecutor@6ddf90b0]" name="writeExtentReport" is-config="true" duration-ms="21" started-at="2021-01-11T11:23:26Z" finished-at="2021-01-11T11:23:26Z">
          <reporter-output>
          </reporter-output>
        </test-method> <!-- writeExtentReport -->
        <test-method status="PASS" signature="tearDownClass()[pri:0, instance:com.demoBlaze.executor.CukeExecutor@6ddf90b0]" name="tearDownClass" is-config="true" duration-ms="400" started-at="2021-01-11T11:23:26Z" finished-at="2021-01-11T11:23:26Z">
          <reporter-output>
          </reporter-output>
        </test-method> <!-- tearDownClass -->
        <test-method status="PASS" signature="teardown()[pri:0, instance:com.demoBlaze.executor.CukeExecutor@6ddf90b0]" name="teardown" is-config="true" duration-ms="103" started-at="2021-01-11T11:23:26Z" finished-at="2021-01-11T11:23:26Z">
          <reporter-output>
          </reporter-output>
        </test-method> <!-- teardown -->
      </class> <!-- com.demoBlaze.executor.CukeExecutor -->
    </test> <!-- Test -->
  </suite> <!-- Suite -->
</testng-results>
